[29-Apr-2024 12:50:16 UTC] PHP Warning:  Undefined array key "editor_post_id" in C:\Users\sassinnj\Local Sites\newsite\app\public\wp-content\plugins\elementor\includes\managers\widgets.php on line 378
[01-May-2024 12:12:33 UTC] [Image Optimizer]: info in ImageOptimization\Modules\Oauth\Components\Connect::get_connect_status(): Status getting error. Reason: User is not connected
[01-May-2024 12:38:30 UTC] [Image Optimizer]: info in ImageOptimization\Modules\Oauth\Components\Connect::get_connect_status(): Status getting error. Reason: User is not connected
[01-May-2024 12:38:35 UTC] [Image Optimizer]: info in ImageOptimization\Modules\Oauth\Components\Connect::get_connect_status(): Status getting error. Reason: User is not connected
[01-May-2024 12:43:24 UTC] [Image Optimizer]: info in ImageOptimization\Modules\Oauth\Components\Connect::get_connect_status(): Status getting error. Reason: User is not connected
[01-May-2024 12:44:09 UTC] [Image Optimizer]: info in ImageOptimization\Modules\Oauth\Components\Connect::get_connect_status(): Status getting error. Reason: User is not connected
[01-May-2024 12:44:29 UTC] [Image Optimizer]: info in ImageOptimization\Modules\Oauth\Components\Connect::get_connect_status(): Status getting error. Reason: User is not connected
[01-May-2024 12:44:43 UTC] [Image Optimizer]: info in ImageOptimization\Modules\Oauth\Components\Connect::get_connect_status(): Status getting error. Reason: User is not connected
[01-May-2024 12:50:00 UTC] [Image Optimizer]: info in ImageOptimization\Modules\Oauth\Components\Connect::get_connect_status(): Status getting error. Reason: User is not connected
[01-May-2024 12:50:06 UTC] [Image Optimizer]: info in ImageOptimization\Modules\Oauth\Components\Connect::get_connect_status(): Status getting error. Reason: User is not connected
[01-May-2024 12:50:11 UTC] [Image Optimizer]: info in ImageOptimization\Modules\Oauth\Components\Connect::get_connect_status(): Status getting error. Reason: User is not connected
[01-May-2024 12:50:16 UTC] [Image Optimizer]: info in ImageOptimization\Modules\Oauth\Components\Connect::get_connect_status(): Status getting error. Reason: User is not connected
[01-May-2024 12:50:21 UTC] [Image Optimizer]: info in ImageOptimization\Modules\Oauth\Components\Connect::get_connect_status(): Status getting error. Reason: User is not connected
[01-May-2024 12:50:26 UTC] [Image Optimizer]: info in ImageOptimization\Modules\Oauth\Components\Connect::get_connect_status(): Status getting error. Reason: User is not connected
[01-May-2024 12:50:31 UTC] [Image Optimizer]: info in ImageOptimization\Modules\Oauth\Components\Connect::get_connect_status(): Status getting error. Reason: User is not connected
[01-May-2024 12:50:36 UTC] [Image Optimizer]: info in ImageOptimization\Modules\Oauth\Components\Connect::get_connect_status(): Status getting error. Reason: User is not connected
[01-May-2024 12:50:40 UTC] [Image Optimizer]: info in ImageOptimization\Modules\Oauth\Components\Connect::get_connect_status(): Status getting error. Reason: User is not connected
[01-May-2024 12:50:45 UTC] [Image Optimizer]: info in ImageOptimization\Modules\Oauth\Components\Connect::get_connect_status(): Status getting error. Reason: User is not connected
[01-May-2024 12:51:21 UTC] [Image Optimizer]: info in ImageOptimization\Modules\Oauth\Components\Connect::get_connect_status(): Status getting error. Reason: User is not connected
[01-May-2024 12:51:25 UTC] [Image Optimizer]: info in ImageOptimization\Modules\Oauth\Components\Connect::get_connect_status(): Status getting error. Reason: User is not connected
[01-May-2024 12:51:30 UTC] [Image Optimizer]: info in ImageOptimization\Modules\Oauth\Components\Connect::get_connect_status(): Status getting error. Reason: User is not connected
[01-May-2024 12:51:36 UTC] [Image Optimizer]: info in ImageOptimization\Modules\Oauth\Components\Connect::get_connect_status(): Status getting error. Reason: User is not connected
[01-May-2024 12:51:41 UTC] [Image Optimizer]: info in ImageOptimization\Modules\Oauth\Components\Connect::get_connect_status(): Status getting error. Reason: User is not connected
[01-May-2024 12:51:46 UTC] [Image Optimizer]: info in ImageOptimization\Modules\Oauth\Components\Connect::get_connect_status(): Status getting error. Reason: User is not connected
[01-May-2024 12:51:50 UTC] [Image Optimizer]: info in ImageOptimization\Modules\Oauth\Components\Connect::get_connect_status(): Status getting error. Reason: User is not connected
[01-May-2024 12:52:30 UTC] [Image Optimizer]: info in ImageOptimization\Modules\Oauth\Components\Connect::get_connect_status(): Status getting error. Reason: User is not connected
[01-May-2024 12:52:35 UTC] [Image Optimizer]: info in ImageOptimization\Modules\Oauth\Components\Connect::get_connect_status(): Status getting error. Reason: User is not connected
[01-May-2024 12:52:40 UTC] [Image Optimizer]: info in ImageOptimization\Modules\Oauth\Components\Connect::get_connect_status(): Status getting error. Reason: User is not connected
[01-May-2024 12:52:46 UTC] [Image Optimizer]: info in ImageOptimization\Modules\Oauth\Components\Connect::get_connect_status(): Status getting error. Reason: User is not connected
[01-May-2024 12:52:51 UTC] [Image Optimizer]: info in ImageOptimization\Modules\Oauth\Components\Connect::get_connect_status(): Status getting error. Reason: User is not connected
[01-May-2024 12:52:56 UTC] [Image Optimizer]: info in ImageOptimization\Modules\Oauth\Components\Connect::get_connect_status(): Status getting error. Reason: User is not connected
[01-May-2024 12:53:01 UTC] [Image Optimizer]: info in ImageOptimization\Modules\Oauth\Components\Connect::get_connect_status(): Status getting error. Reason: User is not connected
[01-May-2024 12:53:05 UTC] [Image Optimizer]: info in ImageOptimization\Modules\Oauth\Components\Connect::get_connect_status(): Status getting error. Reason: User is not connected
[01-May-2024 12:54:15 UTC] [Image Optimizer]: info in ImageOptimization\Modules\Oauth\Components\Connect::get_connect_status(): Status getting error. Reason: User is not connected
[01-May-2024 12:54:20 UTC] [Image Optimizer]: info in ImageOptimization\Modules\Oauth\Components\Connect::get_connect_status(): Status getting error. Reason: User is not connected
[01-May-2024 12:54:25 UTC] [Image Optimizer]: info in ImageOptimization\Modules\Oauth\Components\Connect::get_connect_status(): Status getting error. Reason: User is not connected
[01-May-2024 12:54:30 UTC] [Image Optimizer]: info in ImageOptimization\Modules\Oauth\Components\Connect::get_connect_status(): Status getting error. Reason: User is not connected
[01-May-2024 12:54:35 UTC] [Image Optimizer]: info in ImageOptimization\Modules\Oauth\Components\Connect::get_connect_status(): Status getting error. Reason: User is not connected
[01-May-2024 12:54:40 UTC] [Image Optimizer]: info in ImageOptimization\Modules\Oauth\Components\Connect::get_connect_status(): Status getting error. Reason: User is not connected
[01-May-2024 12:54:45 UTC] [Image Optimizer]: info in ImageOptimization\Modules\Oauth\Components\Connect::get_connect_status(): Status getting error. Reason: User is not connected
[01-May-2024 12:54:50 UTC] [Image Optimizer]: info in ImageOptimization\Modules\Oauth\Components\Connect::get_connect_status(): Status getting error. Reason: User is not connected
[01-May-2024 12:54:55 UTC] [Image Optimizer]: info in ImageOptimization\Modules\Oauth\Components\Connect::get_connect_status(): Status getting error. Reason: User is not connected
[01-May-2024 12:55:00 UTC] [Image Optimizer]: info in ImageOptimization\Modules\Oauth\Components\Connect::get_connect_status(): Status getting error. Reason: User is not connected
[01-May-2024 12:55:05 UTC] [Image Optimizer]: info in ImageOptimization\Modules\Oauth\Components\Connect::get_connect_status(): Status getting error. Reason: User is not connected
[01-May-2024 12:55:10 UTC] [Image Optimizer]: info in ImageOptimization\Modules\Oauth\Components\Connect::get_connect_status(): Status getting error. Reason: User is not connected
[01-May-2024 12:55:15 UTC] [Image Optimizer]: info in ImageOptimization\Modules\Oauth\Components\Connect::get_connect_status(): Status getting error. Reason: User is not connected
[01-May-2024 12:55:20 UTC] [Image Optimizer]: info in ImageOptimization\Modules\Oauth\Components\Connect::get_connect_status(): Status getting error. Reason: User is not connected
[01-May-2024 12:55:25 UTC] [Image Optimizer]: info in ImageOptimization\Modules\Oauth\Components\Connect::get_connect_status(): Status getting error. Reason: User is not connected
[01-May-2024 12:55:30 UTC] [Image Optimizer]: info in ImageOptimization\Modules\Oauth\Components\Connect::get_connect_status(): Status getting error. Reason: User is not connected
[01-May-2024 12:55:35 UTC] [Image Optimizer]: info in ImageOptimization\Modules\Oauth\Components\Connect::get_connect_status(): Status getting error. Reason: User is not connected
[01-May-2024 12:55:40 UTC] [Image Optimizer]: info in ImageOptimization\Modules\Oauth\Components\Connect::get_connect_status(): Status getting error. Reason: User is not connected
[01-May-2024 12:55:45 UTC] [Image Optimizer]: info in ImageOptimization\Modules\Oauth\Components\Connect::get_connect_status(): Status getting error. Reason: User is not connected
[01-May-2024 12:55:51 UTC] [Image Optimizer]: info in ImageOptimization\Modules\Oauth\Components\Connect::get_connect_status(): Status getting error. Reason: User is not connected
[01-May-2024 12:55:56 UTC] [Image Optimizer]: info in ImageOptimization\Modules\Oauth\Components\Connect::get_connect_status(): Status getting error. Reason: User is not connected
[01-May-2024 12:56:01 UTC] [Image Optimizer]: info in ImageOptimization\Modules\Oauth\Components\Connect::get_connect_status(): Status getting error. Reason: User is not connected
[01-May-2024 12:56:06 UTC] [Image Optimizer]: info in ImageOptimization\Modules\Oauth\Components\Connect::get_connect_status(): Status getting error. Reason: User is not connected
[01-May-2024 12:56:10 UTC] [Image Optimizer]: info in ImageOptimization\Modules\Oauth\Components\Connect::get_connect_status(): Status getting error. Reason: User is not connected
[01-May-2024 12:56:15 UTC] [Image Optimizer]: info in ImageOptimization\Modules\Oauth\Components\Connect::get_connect_status(): Status getting error. Reason: User is not connected
[01-May-2024 12:56:20 UTC] [Image Optimizer]: info in ImageOptimization\Modules\Oauth\Components\Connect::get_connect_status(): Status getting error. Reason: User is not connected
[01-May-2024 12:58:40 UTC] [Image Optimizer]: info in ImageOptimization\Modules\Oauth\Components\Connect::get_connect_status(): Status getting error. Reason: User is not connected
[01-May-2024 13:28:30 UTC] Cron reschedule event error for hook: action_scheduler_run_queue, Error code: could_not_set, Error message: The cron event list could not be saved., Data: {"schedule":"every_minute","args":["WP Cron"],"interval":60}
[03-May-2024 11:58:13 UTC] [Image Optimizer]: info in ImageOptimization\Modules\Oauth\Components\Connect::get_connect_status(): Status getting error. Reason: User is not connected
[03-May-2024 11:58:18 UTC] [Image Optimizer]: info in ImageOptimization\Modules\Oauth\Components\Connect::get_connect_status(): Status getting error. Reason: User is not connected
[03-May-2024 11:58:23 UTC] [Image Optimizer]: info in ImageOptimization\Modules\Oauth\Components\Connect::get_connect_status(): Status getting error. Reason: User is not connected
[03-May-2024 11:59:18 UTC] [Image Optimizer]: info in ImageOptimization\Modules\Oauth\Components\Connect::get_connect_status(): Status getting error. Reason: User is not connected
[03-May-2024 12:05:53 UTC] [Image Optimizer]: info in ImageOptimization\Modules\Oauth\Components\Connect::get_connect_status(): Status getting error. Reason: User is not connected
[03-May-2024 12:15:24 UTC] [Image Optimizer]: info in ImageOptimization\Modules\Oauth\Components\Connect::get_connect_status(): Status getting error. Reason: User is not connected
[03-May-2024 12:15:28 UTC] [Image Optimizer]: info in ImageOptimization\Modules\Oauth\Components\Connect::get_connect_status(): Status getting error. Reason: User is not connected
[03-May-2024 12:39:35 UTC] [Image Optimizer]: info in ImageOptimization\Modules\Oauth\Components\Connect::get_connect_status(): Status getting error. Reason: User is not connected
[03-May-2024 12:40:40 UTC] [Image Optimizer]: info in ImageOptimization\Modules\Oauth\Components\Connect::get_connect_status(): Status getting error. Reason: User is not connected
[03-May-2024 12:44:34 UTC] [Image Optimizer]: info in ImageOptimization\Modules\Oauth\Components\Connect::get_connect_status(): Status getting error. Reason: User is not connected
[03-May-2024 13:01:24 UTC] [Image Optimizer]: info in ImageOptimization\Modules\Oauth\Components\Connect::get_connect_status(): Status getting error. Reason: User is not connected
[03-May-2024 14:05:38 UTC] [Image Optimizer]: info in ImageOptimization\Modules\Oauth\Components\Connect::get_connect_status(): Status getting error. Reason: User is not connected
[03-May-2024 14:06:28 UTC] [Image Optimizer]: info in ImageOptimization\Modules\Oauth\Components\Connect::get_connect_status(): Status getting error. Reason: User is not connected
[16-May-2024 11:40:03 UTC] PHP Warning:  Undefined array key "editor_post_id" in C:\Users\sassinnj\Local Sites\newsite\app\public\wp-content\plugins\elementor\includes\managers\widgets.php on line 378
[16-May-2024 11:51:33 UTC] PHP Warning:  Trying to access array offset on value of type bool in C:\Users\sassinnj\Local Sites\newsite\app\public\wp-content\plugins\elementor\includes\managers\image.php on line 113
[16-May-2024 11:51:33 UTC] PHP Warning:  Trying to access array offset on value of type bool in C:\Users\sassinnj\Local Sites\newsite\app\public\wp-content\plugins\elementor\includes\managers\image.php on line 113
[16-May-2024 11:51:33 UTC] PHP Warning:  Trying to access array offset on value of type bool in C:\Users\sassinnj\Local Sites\newsite\app\public\wp-content\plugins\elementor\includes\managers\image.php on line 113
[16-May-2024 11:51:33 UTC] PHP Warning:  Trying to access array offset on value of type bool in C:\Users\sassinnj\Local Sites\newsite\app\public\wp-content\plugins\elementor\includes\managers\image.php on line 113
[16-May-2024 11:51:33 UTC] PHP Warning:  Trying to access array offset on value of type bool in C:\Users\sassinnj\Local Sites\newsite\app\public\wp-content\plugins\elementor\includes\managers\image.php on line 113
[16-May-2024 11:51:33 UTC] PHP Warning:  Trying to access array offset on value of type bool in C:\Users\sassinnj\Local Sites\newsite\app\public\wp-content\plugins\elementor\includes\managers\image.php on line 113
[16-May-2024 11:51:33 UTC] PHP Warning:  Trying to access array offset on value of type bool in C:\Users\sassinnj\Local Sites\newsite\app\public\wp-content\plugins\elementor\includes\managers\image.php on line 113
[16-May-2024 11:51:33 UTC] PHP Warning:  Trying to access array offset on value of type bool in C:\Users\sassinnj\Local Sites\newsite\app\public\wp-content\plugins\elementor\includes\managers\image.php on line 113
[16-May-2024 11:51:33 UTC] PHP Warning:  Trying to access array offset on value of type bool in C:\Users\sassinnj\Local Sites\newsite\app\public\wp-content\plugins\elementor\includes\managers\image.php on line 113
[16-May-2024 11:51:33 UTC] PHP Warning:  Trying to access array offset on value of type bool in C:\Users\sassinnj\Local Sites\newsite\app\public\wp-content\plugins\elementor\includes\managers\image.php on line 113
[16-May-2024 11:51:33 UTC] PHP Warning:  Trying to access array offset on value of type bool in C:\Users\sassinnj\Local Sites\newsite\app\public\wp-content\plugins\elementor\includes\managers\image.php on line 113
[16-May-2024 11:51:38 UTC] PHP Warning:  Trying to access array offset on value of type bool in C:\Users\sassinnj\Local Sites\newsite\app\public\wp-content\plugins\elementor\includes\managers\image.php on line 113
[16-May-2024 17:47:14 UTC] PHP Fatal error:  Uncaught TypeError: Unsupported operand types: string + string in C:\Users\sassinnj\Local Sites\newsite\app\public\wp-content\plugins\insert-headers-and-footers\includes\class-wpcode-snippet-execute.php(292) : eval()'d code:6
Stack trace:
#0 C:\Users\sassinnj\Local Sites\newsite\app\public\wp-includes\class-wp-hook.php(324): wpcode_snippet_replace_howdy(Object(WP_Admin_Bar))
#1 C:\Users\sassinnj\Local Sites\newsite\app\public\wp-includes\class-wp-hook.php(348): WP_Hook->apply_filters(NULL, Array)
#2 C:\Users\sassinnj\Local Sites\newsite\app\public\wp-includes\plugin.php(565): WP_Hook->do_action(Array)
#3 C:\Users\sassinnj\Local Sites\newsite\app\public\wp-includes\admin-bar.php(95): do_action_ref_array('admin_bar_menu', Array)
#4 C:\Users\sassinnj\Local Sites\newsite\app\public\wp-includes\class-wp-hook.php(324): wp_admin_bar_render('')
#5 C:\Users\sassinnj\Local Sites\newsite\app\public\wp-includes\class-wp-hook.php(348): WP_Hook->apply_filters('', Array)
#6 C:\Users\sassinnj\Local Sites\newsite\app\public\wp-includes\plugin.php(517): WP_Hook->do_action(Array)
#7 C:\Users\sassinnj\Local Sites\newsite\app\public\wp-admin\admin-header.php(267): do_action('in_admin_header')
#8 C:\Users\sassinnj\Local Sites\newsite\app\public\wp-admin\admin.php(239): require_once('C:\\Users\\sassin...')
#9 {main}
  thrown in C:\Users\sassinnj\Local Sites\newsite\app\public\wp-content\plugins\insert-headers-and-footers\includes\class-wpcode-snippet-execute.php(292) : eval()'d code on line 6
[16-May-2024 17:47:35 UTC] PHP Warning:  Attempt to read property "title" on null in C:\Users\sassinnj\Local Sites\newsite\app\public\wp-content\plugins\insert-headers-and-footers\includes\class-wpcode-snippet-execute.php(292) : eval()'d code on line 10
[16-May-2024 17:48:05 UTC] PHP Fatal error:  Uncaught TypeError: Unsupported operand types: string + string in C:\Users\sassinnj\Local Sites\newsite\app\public\wp-content\plugins\insert-headers-and-footers\includes\class-wpcode-snippet-execute.php(292) : eval()'d code:10
Stack trace:
#0 C:\Users\sassinnj\Local Sites\newsite\app\public\wp-includes\class-wp-hook.php(324): wpcode_snippet_replace_howdy(Object(WP_Admin_Bar))
#1 C:\Users\sassinnj\Local Sites\newsite\app\public\wp-includes\class-wp-hook.php(348): WP_Hook->apply_filters(NULL, Array)
#2 C:\Users\sassinnj\Local Sites\newsite\app\public\wp-includes\plugin.php(565): WP_Hook->do_action(Array)
#3 C:\Users\sassinnj\Local Sites\newsite\app\public\wp-includes\admin-bar.php(95): do_action_ref_array('admin_bar_menu', Array)
#4 C:\Users\sassinnj\Local Sites\newsite\app\public\wp-includes\class-wp-hook.php(324): wp_admin_bar_render('')
#5 C:\Users\sassinnj\Local Sites\newsite\app\public\wp-includes\class-wp-hook.php(348): WP_Hook->apply_filters('', Array)
#6 C:\Users\sassinnj\Local Sites\newsite\app\public\wp-includes\plugin.php(517): WP_Hook->do_action(Array)
#7 C:\Users\sassinnj\Local Sites\newsite\app\public\wp-admin\admin-header.php(267): do_action('in_admin_header')
#8 C:\Users\sassinnj\Local Sites\newsite\app\public\wp-admin\admin.php(239): require_once('C:\\Users\\sassin...')
#9 {main}
  thrown in C:\Users\sassinnj\Local Sites\newsite\app\public\wp-content\plugins\insert-headers-and-footers\includes\class-wpcode-snippet-execute.php(292) : eval()'d code on line 10
[16-May-2024 17:50:31 UTC] [Image Optimizer]: info in ImageOptimization\Modules\Oauth\Components\Connect::get_connect_status(): Status getting error. Reason: User is not connected
[16-May-2024 17:51:43 UTC] PHP Fatal error:  Cannot redeclare wpcode_snippet_replace_howdy() (previously declared in C:\Users\sassinnj\Local Sites\newsite\app\public\wp-content\plugins\insert-headers-and-footers\includes\class-wpcode-snippet-execute.php(292) : eval()'d code:1) in C:\Users\sassinnj\Local Sites\newsite\app\public\wp-content\plugins\insert-headers-and-footers\includes\class-wpcode-snippet-execute.php(292) : eval()'d code on line 10
[16-May-2024 18:11:30 UTC] PHP Fatal error:  Cannot redeclare wpcode_snippet_replace_howdy() (previously declared in C:\Users\sassinnj\Local Sites\newsite\app\public\wp-content\plugins\insert-headers-and-footers\includes\class-wpcode-snippet-execute.php(292) : eval()'d code:1) in C:\Users\sassinnj\Local Sites\newsite\app\public\wp-content\plugins\insert-headers-and-footers\includes\class-wpcode-snippet-execute.php(292) : eval()'d code on line 10
[16-May-2024 18:12:47 UTC] PHP Fatal error:  Cannot redeclare wpcode_snippet_replace_howdy() (previously declared in C:\Users\sassinnj\Local Sites\newsite\app\public\wp-content\plugins\insert-headers-and-footers\includes\class-wpcode-snippet-execute.php(292) : eval()'d code:1) in C:\Users\sassinnj\Local Sites\newsite\app\public\wp-content\plugins\insert-headers-and-footers\includes\class-wpcode-snippet-execute.php(292) : eval()'d code on line 10
[16-May-2024 18:13:14 UTC] PHP Warning:  Undefined array key "headers_footers_mode" in C:\Users\sassinnj\Local Sites\newsite\app\public\wp-content\plugins\insert-headers-and-footers\includes\admin\pages\class-wpcode-admin-page-settings.php on line 322
[16-May-2024 18:14:50 UTC] PHP Warning:  Undefined array key "title" in C:\Users\sassinnj\Local Sites\newsite\app\public\wp-content\plugins\insert-headers-and-footers\includes\class-wpcode-snippet-execute.php(292) : eval()'d code on line 37
[16-May-2024 18:15:10 UTC] PHP Warning:  Undefined array key "title" in C:\Users\sassinnj\Local Sites\newsite\app\public\wp-content\plugins\insert-headers-and-footers\includes\class-wpcode-snippet-execute.php(292) : eval()'d code on line 21
[17-May-2024 12:25:38 UTC] PHP Warning:  Attempt to read property "title" on string in C:\Users\sassinnj\Local Sites\newsite\app\public\wp-content\plugins\insert-headers-and-footers\includes\class-wpcode-snippet-execute.php(292) : eval()'d code on line 10
[17-May-2024 12:26:00 UTC] PHP Warning:  Attempt to read property "title" on string in C:\Users\sassinnj\Local Sites\newsite\app\public\wp-content\plugins\insert-headers-and-footers\includes\class-wpcode-snippet-execute.php(292) : eval()'d code on line 10
[17-May-2024 12:37:39 UTC] PHP Warning:  Undefined array key "editor_post_id" in C:\Users\sassinnj\Local Sites\newsite\app\public\wp-content\plugins\elementor\includes\managers\widgets.php on line 378
[17-May-2024 12:38:51 UTC] PHP Warning:  Undefined array key "editor_post_id" in C:\Users\sassinnj\Local Sites\newsite\app\public\wp-content\plugins\elementor\includes\managers\widgets.php on line 378
[28-Aug-2024 17:03:52 UTC] [Image Optimizer]: info in ImageOptimization\Modules\Core\Components\Migrations->run_migration(): The migration `fix_optimized_size_keys` successfully executed.
[28-Aug-2024 17:03:52 UTC] [Image Optimizer]: info in ImageOptimization\Modules\Core\Components\Migrations->run_migration(): The migration `fix_mime_type` successfully executed.
[28-Aug-2024 17:04:13 UTC] [Image Optimizer]: info in ImageOptimization\Modules\ConnectManager\Components\Connect->get_connect_status(): Status check error. Reason: User is not connected
[28-Aug-2024 17:05:36 UTC] PHP Warning:  Attempt to read property "title" on null in C:\Users\sassinnj\Local Sites\newsite\app\public\wp-content\plugins\insert-headers-and-footers\includes\class-wpcode-snippet-execute.php(292) : eval()'d code on line 26
[28-Aug-2024 17:14:34 UTC] Cron reschedule event error for hook: action_scheduler_run_queue, Error code: could_not_set, Error message: The cron event list could not be saved., Data: {"schedule":"every_minute","args":["WP Cron"],"interval":60}
[05-Sep-2024 14:24:17 UTC] [Image Optimizer]: info in ImageOptimization\Modules\ConnectManager\Components\Connect->get_connect_status(): Status check error. Reason: User is not connected
[05-Sep-2024 15:39:06 UTC] [Image Optimizer]: info in ImageOptimization\Modules\ConnectManager\Components\Connect->get_connect_status(): Status check error. Reason: User is not connected
[24-Sep-2024 14:49:26 UTC] [Image Optimizer]: info in ImageOptimization\Modules\ConnectManager\Components\Connect->get_connect_status(): Status check error. Reason: User is not connected
[24-Sep-2024 15:04:14 UTC] [Image Optimizer]: info in ImageOptimization\Modules\ConnectManager\Components\Connect->get_connect_status(): Status check error. Reason: User is not connected
[24-Sep-2024 15:18:31 UTC] PHP Warning:  Trying to access array offset on value of type bool in C:\Users\sassinnj\Local Sites\newsite\app\public\wp-content\plugins\elementor\includes\managers\image.php on line 113
[24-Sep-2024 15:18:31 UTC] PHP Warning:  Trying to access array offset on value of type bool in C:\Users\sassinnj\Local Sites\newsite\app\public\wp-content\plugins\elementor\includes\managers\image.php on line 113
[24-Sep-2024 15:18:31 UTC] PHP Warning:  Trying to access array offset on value of type bool in C:\Users\sassinnj\Local Sites\newsite\app\public\wp-content\plugins\elementor\includes\managers\image.php on line 113
[24-Sep-2024 15:18:31 UTC] PHP Warning:  Trying to access array offset on value of type bool in C:\Users\sassinnj\Local Sites\newsite\app\public\wp-content\plugins\elementor\includes\managers\image.php on line 113
[24-Sep-2024 15:18:31 UTC] PHP Warning:  Trying to access array offset on value of type bool in C:\Users\sassinnj\Local Sites\newsite\app\public\wp-content\plugins\elementor\includes\managers\image.php on line 113
[24-Sep-2024 15:18:31 UTC] PHP Warning:  Trying to access array offset on value of type bool in C:\Users\sassinnj\Local Sites\newsite\app\public\wp-content\plugins\elementor\includes\managers\image.php on line 113
[24-Sep-2024 15:18:31 UTC] PHP Warning:  Trying to access array offset on value of type bool in C:\Users\sassinnj\Local Sites\newsite\app\public\wp-content\plugins\elementor\includes\managers\image.php on line 113
[24-Sep-2024 15:18:31 UTC] PHP Warning:  Trying to access array offset on value of type bool in C:\Users\sassinnj\Local Sites\newsite\app\public\wp-content\plugins\elementor\includes\managers\image.php on line 113
[24-Sep-2024 15:18:31 UTC] PHP Warning:  Trying to access array offset on value of type bool in C:\Users\sassinnj\Local Sites\newsite\app\public\wp-content\plugins\elementor\includes\managers\image.php on line 113
[24-Sep-2024 15:18:31 UTC] PHP Warning:  Trying to access array offset on value of type bool in C:\Users\sassinnj\Local Sites\newsite\app\public\wp-content\plugins\elementor\includes\managers\image.php on line 113
[24-Sep-2024 15:18:31 UTC] PHP Warning:  Trying to access array offset on value of type bool in C:\Users\sassinnj\Local Sites\newsite\app\public\wp-content\plugins\elementor\includes\managers\image.php on line 113
[24-Sep-2024 15:18:31 UTC] PHP Warning:  Trying to access array offset on value of type bool in C:\Users\sassinnj\Local Sites\newsite\app\public\wp-content\plugins\elementor\includes\managers\image.php on line 113
[24-Sep-2024 15:18:31 UTC] PHP Warning:  Trying to access array offset on value of type bool in C:\Users\sassinnj\Local Sites\newsite\app\public\wp-content\plugins\elementor\includes\managers\image.php on line 113
[24-Sep-2024 15:18:31 UTC] PHP Warning:  Trying to access array offset on value of type bool in C:\Users\sassinnj\Local Sites\newsite\app\public\wp-content\plugins\elementor\includes\managers\image.php on line 113
[24-Sep-2024 15:18:31 UTC] PHP Warning:  Trying to access array offset on value of type bool in C:\Users\sassinnj\Local Sites\newsite\app\public\wp-content\plugins\elementor\includes\managers\image.php on line 113
[24-Sep-2024 15:18:31 UTC] PHP Warning:  Trying to access array offset on value of type bool in C:\Users\sassinnj\Local Sites\newsite\app\public\wp-content\plugins\elementor\includes\managers\image.php on line 113
[24-Sep-2024 15:18:31 UTC] PHP Warning:  Trying to access array offset on value of type bool in C:\Users\sassinnj\Local Sites\newsite\app\public\wp-content\plugins\elementor\includes\managers\image.php on line 113
[24-Sep-2024 15:18:31 UTC] PHP Warning:  Trying to access array offset on value of type bool in C:\Users\sassinnj\Local Sites\newsite\app\public\wp-content\plugins\elementor\includes\managers\image.php on line 113
[24-Sep-2024 15:18:31 UTC] PHP Warning:  Trying to access array offset on value of type bool in C:\Users\sassinnj\Local Sites\newsite\app\public\wp-content\plugins\elementor\includes\managers\image.php on line 113
[24-Sep-2024 15:18:31 UTC] PHP Warning:  Trying to access array offset on value of type bool in C:\Users\sassinnj\Local Sites\newsite\app\public\wp-content\plugins\elementor\includes\managers\image.php on line 113
[24-Sep-2024 15:18:31 UTC] PHP Warning:  Trying to access array offset on value of type bool in C:\Users\sassinnj\Local Sites\newsite\app\public\wp-content\plugins\elementor\includes\managers\image.php on line 113
[24-Sep-2024 15:18:31 UTC] PHP Warning:  Trying to access array offset on value of type bool in C:\Users\sassinnj\Local Sites\newsite\app\public\wp-content\plugins\elementor\includes\managers\image.php on line 113
[25-Sep-2024 12:35:36 UTC] Cron reschedule event error for hook: action_scheduler_run_queue, Error code: could_not_set, Error message: The cron event list could not be saved., Data: {"schedule":"every_minute","args":["WP Cron"],"interval":60}
[25-Sep-2024 12:57:47 UTC] Cron reschedule event error for hook: action_scheduler_run_queue, Error code: could_not_set, Error message: The cron event list could not be saved., Data: {"schedule":"every_minute","args":["WP Cron"],"interval":60}
[25-Sep-2024 13:37:50 UTC] Cron reschedule event error for hook: action_scheduler_run_queue, Error code: could_not_set, Error message: The cron event list could not be saved., Data: {"schedule":"every_minute","args":["WP Cron"],"interval":60}
[25-Sep-2024 16:11:04 UTC] Cron reschedule event error for hook: action_scheduler_run_queue, Error code: could_not_set, Error message: The cron event list could not be saved., Data: {"schedule":"every_minute","args":["WP Cron"],"interval":60}
[25-Sep-2024 16:15:05 UTC] Cron reschedule event error for hook: action_scheduler_run_queue, Error code: could_not_set, Error message: The cron event list could not be saved., Data: {"schedule":"every_minute","args":["WP Cron"],"interval":60}
[26-Sep-2024 14:12:08 UTC] PHP Warning:  Trying to access array offset on value of type bool in C:\Users\sassinnj\Local Sites\newsite\app\public\wp-content\plugins\elementor\includes\managers\image.php on line 113
[26-Sep-2024 14:12:08 UTC] PHP Warning:  Trying to access array offset on value of type bool in C:\Users\sassinnj\Local Sites\newsite\app\public\wp-content\plugins\elementor\includes\managers\image.php on line 113
[26-Sep-2024 14:12:08 UTC] PHP Warning:  Trying to access array offset on value of type bool in C:\Users\sassinnj\Local Sites\newsite\app\public\wp-content\plugins\elementor\includes\managers\image.php on line 113
[26-Sep-2024 14:12:08 UTC] PHP Warning:  Trying to access array offset on value of type bool in C:\Users\sassinnj\Local Sites\newsite\app\public\wp-content\plugins\elementor\includes\managers\image.php on line 113
[26-Sep-2024 14:12:08 UTC] PHP Warning:  Trying to access array offset on value of type bool in C:\Users\sassinnj\Local Sites\newsite\app\public\wp-content\plugins\elementor\includes\managers\image.php on line 113
[26-Sep-2024 14:12:08 UTC] PHP Warning:  Trying to access array offset on value of type bool in C:\Users\sassinnj\Local Sites\newsite\app\public\wp-content\plugins\elementor\includes\managers\image.php on line 113
[26-Sep-2024 14:12:08 UTC] PHP Warning:  Trying to access array offset on value of type bool in C:\Users\sassinnj\Local Sites\newsite\app\public\wp-content\plugins\elementor\includes\managers\image.php on line 113
[26-Sep-2024 14:12:08 UTC] PHP Warning:  Trying to access array offset on value of type bool in C:\Users\sassinnj\Local Sites\newsite\app\public\wp-content\plugins\elementor\includes\managers\image.php on line 113
[26-Sep-2024 14:12:08 UTC] PHP Warning:  Trying to access array offset on value of type bool in C:\Users\sassinnj\Local Sites\newsite\app\public\wp-content\plugins\elementor\includes\managers\image.php on line 113
[26-Sep-2024 14:12:08 UTC] PHP Warning:  Trying to access array offset on value of type bool in C:\Users\sassinnj\Local Sites\newsite\app\public\wp-content\plugins\elementor\includes\managers\image.php on line 113
[26-Sep-2024 14:12:08 UTC] PHP Warning:  Trying to access array offset on value of type bool in C:\Users\sassinnj\Local Sites\newsite\app\public\wp-content\plugins\elementor\includes\managers\image.php on line 113
[26-Sep-2024 14:12:08 UTC] PHP Warning:  Trying to access array offset on value of type bool in C:\Users\sassinnj\Local Sites\newsite\app\public\wp-content\plugins\elementor\includes\managers\image.php on line 113
[26-Sep-2024 14:12:08 UTC] PHP Warning:  Trying to access array offset on value of type bool in C:\Users\sassinnj\Local Sites\newsite\app\public\wp-content\plugins\elementor\includes\managers\image.php on line 113
[26-Sep-2024 14:12:08 UTC] PHP Warning:  Trying to access array offset on value of type bool in C:\Users\sassinnj\Local Sites\newsite\app\public\wp-content\plugins\elementor\includes\managers\image.php on line 113
[26-Sep-2024 14:12:08 UTC] PHP Warning:  Trying to access array offset on value of type bool in C:\Users\sassinnj\Local Sites\newsite\app\public\wp-content\plugins\elementor\includes\managers\image.php on line 113
[26-Sep-2024 14:12:08 UTC] PHP Warning:  Trying to access array offset on value of type bool in C:\Users\sassinnj\Local Sites\newsite\app\public\wp-content\plugins\elementor\includes\managers\image.php on line 113
[26-Sep-2024 14:12:08 UTC] PHP Warning:  Trying to access array offset on value of type bool in C:\Users\sassinnj\Local Sites\newsite\app\public\wp-content\plugins\elementor\includes\managers\image.php on line 113
[26-Sep-2024 14:12:08 UTC] PHP Warning:  Trying to access array offset on value of type bool in C:\Users\sassinnj\Local Sites\newsite\app\public\wp-content\plugins\elementor\includes\managers\image.php on line 113
[26-Sep-2024 14:12:08 UTC] PHP Warning:  Trying to access array offset on value of type bool in C:\Users\sassinnj\Local Sites\newsite\app\public\wp-content\plugins\elementor\includes\managers\image.php on line 113
[26-Sep-2024 14:12:08 UTC] PHP Warning:  Trying to access array offset on value of type bool in C:\Users\sassinnj\Local Sites\newsite\app\public\wp-content\plugins\elementor\includes\managers\image.php on line 113
[26-Sep-2024 14:12:08 UTC] PHP Warning:  Trying to access array offset on value of type bool in C:\Users\sassinnj\Local Sites\newsite\app\public\wp-content\plugins\elementor\includes\managers\image.php on line 113
[26-Sep-2024 14:12:08 UTC] PHP Warning:  Trying to access array offset on value of type bool in C:\Users\sassinnj\Local Sites\newsite\app\public\wp-content\plugins\elementor\includes\managers\image.php on line 113
[26-Sep-2024 14:12:21 UTC] PHP Warning:  Trying to access array offset on value of type bool in C:\Users\sassinnj\Local Sites\newsite\app\public\wp-content\plugins\elementor\includes\managers\image.php on line 113
[26-Sep-2024 14:12:21 UTC] PHP Warning:  Trying to access array offset on value of type bool in C:\Users\sassinnj\Local Sites\newsite\app\public\wp-content\plugins\elementor\includes\managers\image.php on line 113
[27-Sep-2024 12:01:43 UTC] [Image Optimizer]: info in ImageOptimization\Modules\ConnectManager\Components\Connect->get_connect_status(): Status check error. Reason: User is not connected
[30-Sep-2024 17:17:36 UTC] [Image Optimizer]: info in ImageOptimization\Modules\ConnectManager\Components\Connect->get_connect_status(): Status check error. Reason: User is not connected
[03-Oct-2024 17:26:40 UTC] [Image Optimizer]: info in ImageOptimization\Modules\ConnectManager\Components\Connect->get_connect_status(): Status check error. Reason: User is not connected
[03-Oct-2024 17:26:41 UTC] [Image Optimizer]: info in ImageOptimization\Modules\ConnectManager\Components\Connect->get_connect_status(): Status check error. Reason: User is not connected
[03-Oct-2024 17:26:46 UTC] [Image Optimizer]: info in ImageOptimization\Modules\ConnectManager\Components\Connect->get_connect_status(): Status check error. Reason: User is not connected
[03-Oct-2024 17:26:50 UTC] PHP Warning:  file_get_contents(http://newsite.local/wp-content/uploads/2022/05/SeanRiley.jpg): Failed to open stream: HTTP request failed! HTTP/1.1 404 Not Found
 in C:\Users\sassinnj\Local Sites\newsite\app\public\wp-includes\class-wp-image-editor-imagick.php on line 156
[03-Oct-2024 17:26:57 UTC] [Image Optimizer]: info in ImageOptimization\Modules\ConnectManager\Components\Connect->get_connect_status(): Status check error. Reason: User is not connected
[03-Oct-2024 17:27:02 UTC] [Image Optimizer]: info in ImageOptimization\Modules\ConnectManager\Components\Connect->get_connect_status(): Status check error. Reason: User is not connected
[03-Oct-2024 17:27:04 UTC] [Image Optimizer]: info in ImageOptimization\Modules\ConnectManager\Components\Connect->get_connect_status(): Status check error. Reason: User is not connected
[03-Oct-2024 17:27:09 UTC] [Image Optimizer]: info in ImageOptimization\Modules\ConnectManager\Components\Connect->get_connect_status(): Status check error. Reason: User is not connected
[03-Oct-2024 17:27:14 UTC] [Image Optimizer]: info in ImageOptimization\Modules\ConnectManager\Components\Connect->get_connect_status(): Status check error. Reason: User is not connected
[03-Oct-2024 17:27:19 UTC] [Image Optimizer]: info in ImageOptimization\Modules\ConnectManager\Components\Connect->get_connect_status(): Status check error. Reason: User is not connected
[03-Oct-2024 17:27:24 UTC] [Image Optimizer]: info in ImageOptimization\Modules\ConnectManager\Components\Connect->get_connect_status(): Status check error. Reason: User is not connected
[03-Oct-2024 17:27:29 UTC] [Image Optimizer]: info in ImageOptimization\Modules\ConnectManager\Components\Connect->get_connect_status(): Status check error. Reason: User is not connected
[03-Oct-2024 17:27:34 UTC] [Image Optimizer]: info in ImageOptimization\Modules\ConnectManager\Components\Connect->get_connect_status(): Status check error. Reason: User is not connected
[03-Oct-2024 17:27:39 UTC] [Image Optimizer]: info in ImageOptimization\Modules\ConnectManager\Components\Connect->get_connect_status(): Status check error. Reason: User is not connected
[03-Oct-2024 17:27:44 UTC] [Image Optimizer]: info in ImageOptimization\Modules\ConnectManager\Components\Connect->get_connect_status(): Status check error. Reason: User is not connected
[03-Oct-2024 17:27:49 UTC] [Image Optimizer]: info in ImageOptimization\Modules\ConnectManager\Components\Connect->get_connect_status(): Status check error. Reason: User is not connected
[03-Oct-2024 17:27:54 UTC] [Image Optimizer]: info in ImageOptimization\Modules\ConnectManager\Components\Connect->get_connect_status(): Status check error. Reason: User is not connected
[03-Oct-2024 17:27:59 UTC] [Image Optimizer]: info in ImageOptimization\Modules\ConnectManager\Components\Connect->get_connect_status(): Status check error. Reason: User is not connected
[03-Oct-2024 17:28:04 UTC] [Image Optimizer]: info in ImageOptimization\Modules\ConnectManager\Components\Connect->get_connect_status(): Status check error. Reason: User is not connected
[03-Oct-2024 17:28:10 UTC] [Image Optimizer]: info in ImageOptimization\Modules\ConnectManager\Components\Connect->get_connect_status(): Status check error. Reason: User is not connected
[03-Oct-2024 17:28:14 UTC] [Image Optimizer]: info in ImageOptimization\Modules\ConnectManager\Components\Connect->get_connect_status(): Status check error. Reason: User is not connected
[03-Oct-2024 17:28:19 UTC] [Image Optimizer]: info in ImageOptimization\Modules\ConnectManager\Components\Connect->get_connect_status(): Status check error. Reason: User is not connected
[03-Oct-2024 17:28:23 UTC] [Image Optimizer]: info in ImageOptimization\Modules\ConnectManager\Components\Connect->get_connect_status(): Status check error. Reason: User is not connected
[03-Oct-2024 17:28:34 UTC] [Image Optimizer]: info in ImageOptimization\Modules\ConnectManager\Components\Connect->get_connect_status(): Status check error. Reason: User is not connected
[03-Oct-2024 17:28:38 UTC] [Image Optimizer]: info in ImageOptimization\Modules\ConnectManager\Components\Connect->get_connect_status(): Status check error. Reason: User is not connected
[03-Oct-2024 17:28:44 UTC] [Image Optimizer]: info in ImageOptimization\Modules\ConnectManager\Components\Connect->get_connect_status(): Status check error. Reason: User is not connected
[03-Oct-2024 17:28:49 UTC] [Image Optimizer]: info in ImageOptimization\Modules\ConnectManager\Components\Connect->get_connect_status(): Status check error. Reason: User is not connected
[03-Oct-2024 17:28:54 UTC] [Image Optimizer]: info in ImageOptimization\Modules\ConnectManager\Components\Connect->get_connect_status(): Status check error. Reason: User is not connected
[03-Oct-2024 17:28:59 UTC] [Image Optimizer]: info in ImageOptimization\Modules\ConnectManager\Components\Connect->get_connect_status(): Status check error. Reason: User is not connected
[03-Oct-2024 17:29:04 UTC] [Image Optimizer]: info in ImageOptimization\Modules\ConnectManager\Components\Connect->get_connect_status(): Status check error. Reason: User is not connected
[03-Oct-2024 17:29:06 UTC] [Image Optimizer]: info in ImageOptimization\Modules\ConnectManager\Components\Connect->get_connect_status(): Status check error. Reason: User is not connected
[03-Oct-2024 17:30:32 UTC] [Image Optimizer]: info in ImageOptimization\Modules\ConnectManager\Components\Connect->get_connect_status(): Status check error. Reason: User is not connected
[03-Oct-2024 17:30:42 UTC] [Image Optimizer]: info in ImageOptimization\Modules\ConnectManager\Components\Connect->get_connect_status(): Status check error. Reason: User is not connected
